This is pdfTeX, Version 3.14159265-2.6-1.40.18 (TeX Live 2017/Debian) (preloaded format=pdflatex 2018.1.30)  14 FEB 2018 16:45
entering extended mode
 restricted \write18 enabled.
 %&-line parsing enabled.
**Anderson_Acceleration.tex
(./Anderson_Acceleration.tex
LaTeX2e <2017-04-15>
Babel <3.15> and hyphenation patterns for 84 language(s) loaded.
(/usr/share/texlive/texmf-dist/tex/latex/base/article.cls
Document Class: article 2014/09/29 v1.4h Standard LaTeX document class
(/usr/share/texlive/texmf-dist/tex/latex/base/size10.clo
File: size10.clo 2014/09/29 v1.4h Standard LaTeX file (size option)
)
\c@part=\count79
\c@section=\count80
\c@subsection=\count81
\c@subsubsection=\count82
\c@paragraph=\count83
\c@subparagraph=\count84
\c@figure=\count85
\c@table=\count86
\abovecaptionskip=\skip41
\belowcaptionskip=\skip42
\bibindent=\dimen102
)
(/usr/share/texlive/texmf-dist/tex/latex/amsfonts/amssymb.sty
Package: amssymb 2013/01/14 v3.01 AMS font symbols

(/usr/share/texlive/texmf-dist/tex/latex/amsfonts/amsfonts.sty
Package: amsfonts 2013/01/14 v3.01 Basic AMSFonts support
\@emptytoks=\toks14
\symAMSa=\mathgroup4
\symAMSb=\mathgroup5
LaTeX Font Info:    Overwriting math alphabet `\mathfrak' in version `bold'
(Font)                  U/euf/m/n --> U/euf/b/n on input line 106.
))
(/usr/share/texlive/texmf-dist/tex/latex/amsmath/amsmath.sty
Package: amsmath 2017/09/02 v2.17a AMS math features
\@mathmargin=\skip43

For additional information on amsmath, use the `?' option.
(/usr/share/texlive/texmf-dist/tex/latex/amsmath/amstext.sty
Package: amstext 2000/06/29 v2.01 AMS text

(/usr/share/texlive/texmf-dist/tex/latex/amsmath/amsgen.sty
File: amsgen.sty 1999/11/30 v2.0 generic functions
\@emptytoks=\toks15
\ex@=\dimen103
))
(/usr/share/texlive/texmf-dist/tex/latex/amsmath/amsbsy.sty
Package: amsbsy 1999/11/29 v1.2d Bold Symbols
\pmbraise@=\dimen104
)
(/usr/share/texlive/texmf-dist/tex/latex/amsmath/amsopn.sty
Package: amsopn 2016/03/08 v2.02 operator names
)
\inf@bad=\count87
LaTeX Info: Redefining \frac on input line 213.
\uproot@=\count88
\leftroot@=\count89
LaTeX Info: Redefining \overline on input line 375.
\classnum@=\count90
\DOTSCASE@=\count91
LaTeX Info: Redefining \ldots on input line 472.
LaTeX Info: Redefining \dots on input line 475.
LaTeX Info: Redefining \cdots on input line 596.
\Mathstrutbox@=\box26
\strutbox@=\box27
\big@size=\dimen105
LaTeX Font Info:    Redeclaring font encoding OML on input line 712.
LaTeX Font Info:    Redeclaring font encoding OMS on input line 713.
\macc@depth=\count92
\c@MaxMatrixCols=\count93
\dotsspace@=\muskip10
\c@parentequation=\count94
\dspbrk@lvl=\count95
\tag@help=\toks16
\row@=\count96
\column@=\count97
\maxfields@=\count98
\andhelp@=\toks17
\eqnshift@=\dimen106
\alignsep@=\dimen107
\tagshift@=\dimen108
\tagwidth@=\dimen109
\totwidth@=\dimen110
\lineht@=\dimen111
\@envbody=\toks18
\multlinegap=\skip44
\multlinetaggap=\skip45
\mathdisplay@stack=\toks19
LaTeX Info: Redefining \[ on input line 2817.
LaTeX Info: Redefining \] on input line 2818.
)
(/usr/share/texlive/texmf-dist/tex/latex/bbm-macros/bbm.sty
Package: bbm 1999/03/15 V 1.2 provides fonts for set symbols - TH
LaTeX Font Info:    Overwriting math alphabet `\mathbbm' in version `bold'
(Font)                  U/bbm/m/n --> U/bbm/bx/n on input line 33.
LaTeX Font Info:    Overwriting math alphabet `\mathbbmss' in version `bold'
(Font)                  U/bbmss/m/n --> U/bbmss/bx/n on input line 35.
)
(/usr/share/texlive/texmf-dist/tex/latex/graphics/graphicx.sty
Package: graphicx 2017/06/01 v1.1a Enhanced LaTeX Graphics (DPC,SPQR)

(/usr/share/texlive/texmf-dist/tex/latex/graphics/keyval.sty
Package: keyval 2014/10/28 v1.15 key=value parser (DPC)
\KV@toks@=\toks20
)
(/usr/share/texlive/texmf-dist/tex/latex/graphics/graphics.sty
Package: graphics 2017/06/25 v1.2c Standard LaTeX Graphics (DPC,SPQR)

(/usr/share/texlive/texmf-dist/tex/latex/graphics/trig.sty
Package: trig 2016/01/03 v1.10 sin cos tan (DPC)
)
(/usr/share/texlive/texmf-dist/tex/latex/graphics-cfg/graphics.cfg
File: graphics.cfg 2016/06/04 v1.11 sample graphics configuration
)
Package graphics Info: Driver file: pdftex.def on input line 99.

(/usr/share/texlive/texmf-dist/tex/latex/graphics-def/pdftex.def
File: pdftex.def 2017/06/24 v1.0g Graphics/color driver for pdftex
))
\Gin@req@height=\dimen112
\Gin@req@width=\dimen113
)
(/usr/share/texlive/texmf-dist/tex/latex/graphics/color.sty
Package: color 2016/07/10 v1.1e Standard LaTeX Color (DPC)

(/usr/share/texlive/texmf-dist/tex/latex/graphics-cfg/color.cfg
File: color.cfg 2016/01/02 v1.6 sample color configuration
)
Package color Info: Driver file: pdftex.def on input line 147.
)
(/usr/share/texlive/texmf-dist/tex/latex/fancyref/fancyref.sty
Package: fancyref 1999/02/03 v0.9c Fancy cross-referencing

(/usr/share/texlive/texmf-dist/tex/latex/tools/varioref.sty
Package: varioref 2016/02/16 v1.5c package for extended references (FMi)
\c@vrcnt=\count99
))
(/usr/share/texlive/texmf-dist/tex/latex/cite/cite.sty
LaTeX Info: Redefining \cite on input line 302.
LaTeX Info: Redefining \nocite on input line 332.
Package: cite 2015/02/27  v 5.5
)
(/usr/share/texlive/texmf-dist/tex/latex/hyperref/hyperref.sty
Package: hyperref 2017/03/14 v6.85a Hypertext links for LaTeX

(/usr/share/texlive/texmf-dist/tex/generic/oberdiek/hobsub-hyperref.sty
Package: hobsub-hyperref 2016/05/16 v1.14 Bundle oberdiek, subset hyperref (HO)


(/usr/share/texlive/texmf-dist/tex/generic/oberdiek/hobsub-generic.sty
Package: hobsub-generic 2016/05/16 v1.14 Bundle oberdiek, subset generic (HO)
Package: hobsub 2016/05/16 v1.14 Construct package bundles (HO)
Package: infwarerr 2016/05/16 v1.4 Providing info/warning/error messages (HO)
Package: ltxcmds 2016/05/16 v1.23 LaTeX kernel commands for general use (HO)
Package: ifluatex 2016/05/16 v1.4 Provides the ifluatex switch (HO)
Package ifluatex Info: LuaTeX not detected.
Package: ifvtex 2016/05/16 v1.6 Detect VTeX and its facilities (HO)
Package ifvtex Info: VTeX not detected.
Package: intcalc 2016/05/16 v1.2 Expandable calculations with integers (HO)
Package: ifpdf 2017/03/15 v3.2 Provides the ifpdf switch
Package: etexcmds 2016/05/16 v1.6 Avoid name clashes with e-TeX commands (HO)
Package etexcmds Info: Could not find \expanded.
(etexcmds)             That can mean that you are not using pdfTeX 1.50 or
(etexcmds)             that some package has redefined \expanded.
(etexcmds)             In the latter case, load this package earlier.
Package: kvsetkeys 2016/05/16 v1.17 Key value parser (HO)
Package: kvdefinekeys 2016/05/16 v1.4 Define keys (HO)
Package: pdftexcmds 2017/03/19 v0.25 Utility functions of pdfTeX for LuaTeX (HO
)
Package pdftexcmds Info: LuaTeX not detected.
Package pdftexcmds Info: \pdf@primitive is available.
Package pdftexcmds Info: \pdf@ifprimitive is available.
Package pdftexcmds Info: \pdfdraftmode found.
Package: pdfescape 2016/05/16 v1.14 Implements pdfTeX's escape features (HO)
Package: bigintcalc 2016/05/16 v1.4 Expandable calculations on big integers (HO
)
Package: bitset 2016/05/16 v1.2 Handle bit-vector datatype (HO)
Package: uniquecounter 2016/05/16 v1.3 Provide unlimited unique counter (HO)
)
Package hobsub Info: Skipping package `hobsub' (already loaded).
Package: letltxmacro 2016/05/16 v1.5 Let assignment for LaTeX macros (HO)
Package: hopatch 2016/05/16 v1.3 Wrapper for package hooks (HO)
Package: xcolor-patch 2016/05/16 xcolor patch
Package: atveryend 2016/05/16 v1.9 Hooks at the very end of document (HO)
Package atveryend Info: \enddocument detected (standard20110627).
Package: atbegshi 2016/06/09 v1.18 At begin shipout hook (HO)
Package: refcount 2016/05/16 v3.5 Data extraction from label references (HO)
Package: hycolor 2016/05/16 v1.8 Color options for hyperref/bookmark (HO)
)
(/usr/share/texlive/texmf-dist/tex/generic/ifxetex/ifxetex.sty
Package: ifxetex 2010/09/12 v0.6 Provides ifxetex conditional
)
(/usr/share/texlive/texmf-dist/tex/latex/oberdiek/auxhook.sty
Package: auxhook 2016/05/16 v1.4 Hooks for auxiliary files (HO)
)
(/usr/share/texlive/texmf-dist/tex/latex/oberdiek/kvoptions.sty
Package: kvoptions 2016/05/16 v3.12 Key value format for package options (HO)
)
\@linkdim=\dimen114
\Hy@linkcounter=\count100
\Hy@pagecounter=\count101

(/usr/share/texlive/texmf-dist/tex/latex/hyperref/pd1enc.def
File: pd1enc.def 2017/03/14 v6.85a Hyperref: PDFDocEncoding definition (HO)
)
\Hy@SavedSpaceFactor=\count102

(/usr/share/texlive/texmf-dist/tex/latex/latexconfig/hyperref.cfg
File: hyperref.cfg 2002/06/06 v1.2 hyperref configuration of TeXLive
)
Package hyperref Info: Hyper figures OFF on input line 4498.
Package hyperref Info: Link nesting OFF on input line 4503.
Package hyperref Info: Hyper index ON on input line 4506.
Package hyperref Info: Plain pages OFF on input line 4513.
Package hyperref Info: Backreferencing OFF on input line 4518.
Package hyperref Info: Implicit mode ON; LaTeX internals redefined.
Package hyperref Info: Bookmarks ON on input line 4751.
\c@Hy@tempcnt=\count103

(/usr/share/texlive/texmf-dist/tex/latex/url/url.sty
\Urlmuskip=\muskip11
Package: url 2013/09/16  ver 3.4  Verb mode for urls, etc.
)
LaTeX Info: Redefining \url on input line 5104.
\XeTeXLinkMargin=\dimen115
\Fld@menulength=\count104
\Field@Width=\dimen116
\Fld@charsize=\dimen117
Package hyperref Info: Hyper figures OFF on input line 6358.
Package hyperref Info: Link nesting OFF on input line 6363.
Package hyperref Info: Hyper index ON on input line 6366.
Package hyperref Info: backreferencing OFF on input line 6373.
Package hyperref Info: Link coloring OFF on input line 6378.
Package hyperref Info: Link coloring with OCG OFF on input line 6383.
Package hyperref Info: PDF/A mode OFF on input line 6388.
LaTeX Info: Redefining \ref on input line 6428.
LaTeX Info: Redefining \pageref on input line 6432.
\Hy@abspage=\count105
\c@Item=\count106
\c@Hfootnote=\count107
)

Package hyperref Message: Driver (autodetected): hpdftex.

(/usr/share/texlive/texmf-dist/tex/latex/hyperref/hpdftex.def
File: hpdftex.def 2017/03/14 v6.85a Hyperref driver for pdfTeX
\Fld@listcount=\count108
\c@bookmark@seq@number=\count109

(/usr/share/texlive/texmf-dist/tex/latex/oberdiek/rerunfilecheck.sty
Package: rerunfilecheck 2016/05/16 v1.8 Rerun checks for auxiliary files (HO)
Package uniquecounter Info: New unique counter `rerunfilecheck' on input line 2
82.
)
\Hy@SectionHShift=\skip46
)
(/usr/share/texlive/texmf-dist/tex/latex/float/float.sty
Package: float 2001/11/08 v1.3d Float enhancements (AL)
\c@float@type=\count110
\float@exts=\toks21
\float@box=\box28
\@float@everytoks=\toks22
\@floatcapt=\box29
)
(./Anderson_Acceleration.aux)
\openout1 = `Anderson_Acceleration.aux'.

LaTeX Font Info:    Checking defaults for OML/cmm/m/it on input line 21.
LaTeX Font Info:    ... okay on input line 21.
LaTeX Font Info:    Checking defaults for T1/cmr/m/n on input line 21.
LaTeX Font Info:    ... okay on input line 21.
LaTeX Font Info:    Checking defaults for OT1/cmr/m/n on input line 21.
LaTeX Font Info:    ... okay on input line 21.
LaTeX Font Info:    Checking defaults for OMS/cmsy/m/n on input line 21.
LaTeX Font Info:    ... okay on input line 21.
LaTeX Font Info:    Checking defaults for OMX/cmex/m/n on input line 21.
LaTeX Font Info:    ... okay on input line 21.
LaTeX Font Info:    Checking defaults for U/cmr/m/n on input line 21.
LaTeX Font Info:    ... okay on input line 21.
LaTeX Font Info:    Checking defaults for PD1/pdf/m/n on input line 21.
LaTeX Font Info:    ... okay on input line 21.

(/usr/share/texlive/texmf-dist/tex/context/base/mkii/supp-pdf.mkii
[Loading MPS to PDF converter (version 2006.09.02).]
\scratchcounter=\count111
\scratchdimen=\dimen118
\scratchbox=\box30
\nofMPsegments=\count112
\nofMParguments=\count113
\everyMPshowfont=\toks23
\MPscratchCnt=\count114
\MPscratchDim=\dimen119
\MPnumerator=\count115
\makeMPintoPDFobject=\count116
\everyMPtoPDFconversion=\toks24
) (/usr/share/texlive/texmf-dist/tex/latex/oberdiek/epstopdf-base.sty
Package: epstopdf-base 2016/05/15 v2.6 Base part for package epstopdf

(/usr/share/texlive/texmf-dist/tex/latex/oberdiek/grfext.sty
Package: grfext 2016/05/16 v1.2 Manage graphics extensions (HO)
)
Package epstopdf-base Info: Redefining graphics rule for `.eps' on input line 4
38.
Package grfext Info: Graphics extension search list:
(grfext)             [.pdf,.png,.jpg,.mps,.jpeg,.jbig2,.jb2,.PDF,.PNG,.JPG,.JPE
G,.JBIG2,.JB2,.eps]
(grfext)             \AppendGraphicsExtensions on input line 456.

(/usr/share/texlive/texmf-dist/tex/latex/latexconfig/epstopdf-sys.cfg
File: epstopdf-sys.cfg 2010/07/13 v1.3 Configuration of (r)epstopdf for TeX Liv
e
))
\AtBeginShipoutBox=\box31
Package hyperref Info: Link coloring OFF on input line 21.

(/usr/share/texlive/texmf-dist/tex/latex/hyperref/nameref.sty
Package: nameref 2016/05/21 v2.44 Cross-referencing by name of section

(/usr/share/texlive/texmf-dist/tex/generic/oberdiek/gettitlestring.sty
Package: gettitlestring 2016/05/16 v1.5 Cleanup title references (HO)
)
\c@section@level=\count117
LaTeX Info: Redefining \Ref on input line 515.
)
LaTeX Info: Redefining \ref on input line 21.
LaTeX Info: Redefining \pageref on input line 21.
LaTeX Info: Redefining \nameref on input line 21.

(./Anderson_Acceleration.out) (./Anderson_Acceleration.out)
\@outlinefile=\write3
\openout3 = `Anderson_Acceleration.out'.

LaTeX Info: Redefining \Ref on input line 21.
LaTeX Font Info:    Try loading font information for U+msa on input line 23.

(/usr/share/texlive/texmf-dist/tex/latex/amsfonts/umsa.fd
File: umsa.fd 2013/01/14 v3.01 AMS symbols A
)
LaTeX Font Info:    Try loading font information for U+msb on input line 23.

(/usr/share/texlive/texmf-dist/tex/latex/amsfonts/umsb.fd
File: umsb.fd 2013/01/14 v3.01 AMS symbols B
) [1

{/var/lib/texmf/fonts/map/pdftex/updmap/pdftex.map}] [2] [3] [4] [5]

Package hyperref Warning: Token not allowed in a PDF string (PDFDocEncoding):
(hyperref)                removing `math shift' on input line 180.


Package hyperref Warning: Token not allowed in a PDF string (PDFDocEncoding):
(hyperref)                removing `subscript' on input line 180.


Package hyperref Warning: Token not allowed in a PDF string (PDFDocEncoding):
(hyperref)                removing `math shift' on input line 180.

LaTeX Font Info:    Try loading font information for U+bbm on input line 185.
(/usr/share/texlive/texmf-dist/tex/latex/bbm-macros/ubbm.fd
File: ubbm.fd 1999/03/15 V 1.2 Font definition for bbm font - TH
) [6]
Package epstopdf Info: Source file: <Pictures/smallsize.eps>
(epstopdf)                    date: 2015-05-23 18:03:50
(epstopdf)                    size: 32412 bytes
(epstopdf)             Output file: <Pictures/smallsize-eps-converted-to.pdf>
(epstopdf)                    date: 2015-05-23 18:09:38
(epstopdf)                    size: 7429 bytes
(epstopdf)             Command: <repstopdf --outfile=Pictures/smallsize-eps-con
verted-to.pdf Pictures/smallsize.eps>
(epstopdf)             \includegraphics on input line 203.
Package epstopdf Info: Output file is already uptodate.
<Pictures/smallsize-eps-converted-to.pdf, id=136, pagebox=cropbox, 429.605pt x 
318.18875pt>
File: Pictures/smallsize-eps-converted-to.pdf Graphic file (type pdf)
<use Pictures/smallsize-eps-converted-to.pdf>
Package pdftex.def Info: Pictures/smallsize-eps-converted-to.pdf  used on input
 line 203. on input line 203.
Package pdftex.def Info: Requested size: 289.07999pt x 214.11267pt on input lin
e 203.
 [7]

Package hyperref Warning: Token not allowed in a PDF string (PDFDocEncoding):
(hyperref)                removing `math shift' on input line 215.


Package hyperref Warning: Token not allowed in a PDF string (PDFDocEncoding):
(hyperref)                removing `subscript' on input line 215.


Package hyperref Warning: Token not allowed in a PDF string (PDFDocEncoding):
(hyperref)                removing `math shift' on input line 215.

[8pdfTeX warning (ext4): destination with the same identifier (name{figure.1}) 
has been already used, duplicate ignored

\AtBegShi@Output ...ipout \box \AtBeginShipoutBox 
                                                  \fi \fi 
l.223 \end{equation*}
                      <./Pictures/smallsize-eps-converted-to.pdf>]
Package epstopdf Info: Source file: <Pictures/timestepVSlambda.eps>
(epstopdf)                    date: 2015-05-30 12:23:32
(epstopdf)                    size: 207371 bytes
(epstopdf)             Output file: <Pictures/timestepVSlambda-eps-converted-to
.pdf>
(epstopdf)                    date: 2015-05-30 12:23:36
(epstopdf)                    size: 9581 bytes
(epstopdf)             Command: <repstopdf --outfile=Pictures/timestepVSlambda-
eps-converted-to.pdf Pictures/timestepVSlambda.eps>
(epstopdf)             \includegraphics on input line 263.
Package epstopdf Info: Output file is already uptodate.
<Pictures/timestepVSlambda-eps-converted-to.pdf, id=171, pagebox=cropbox, 414.5
4875pt x 325.215pt>
File: Pictures/timestepVSlambda-eps-converted-to.pdf Graphic file (type pdf)
<use Pictures/timestepVSlambda-eps-converted-to.pdf>
Package pdftex.def Info: Pictures/timestepVSlambda-eps-converted-to.pdf  used o
n input line 263. on input line 263.
Package pdftex.def Info: Requested size: 289.07999pt x 226.79045pt on input lin
e 263.
Package epstopdf Info: Source file: <Pictures/hVSnmax.eps>
(epstopdf)                    date: 2015-05-30 11:43:30
(epstopdf)                    size: 42803 bytes
(epstopdf)             Output file: <Pictures/hVSnmax-eps-converted-to.pdf>
(epstopdf)                    date: 2015-05-30 11:43:32
(epstopdf)                    size: 9386 bytes
(epstopdf)             Command: <repstopdf --outfile=Pictures/hVSnmax-eps-conve
rted-to.pdf Pictures/hVSnmax.eps>
(epstopdf)             \includegraphics on input line 270.
Package epstopdf Info: Output file is already uptodate.
<Pictures/hVSnmax-eps-converted-to.pdf, id=179, pagebox=cropbox, 421.575pt x 31
6.18124pt>
File: Pictures/hVSnmax-eps-converted-to.pdf Graphic file (type pdf)
<use Pictures/hVSnmax-eps-converted-to.pdf>
Package pdftex.def Info: Pictures/hVSnmax-eps-converted-to.pdf  used on input l
ine 270. on input line 270.
Package pdftex.def Info: Requested size: 289.07999pt x 216.81442pt on input lin
e 270.
 [9] [10pdfTeX warning (ext4): destination with the same identifier (name{figur
e.2}) has been already used, duplicate ignored

\AtBegShi@Output ...ipout \box \AtBeginShipoutBox 
                                                  \fi \fi 
l.286 \end{equation*}
                      <./Pictures/timestepVSlambda-eps-converted-to.pdf>]
[11pdfTeX warning (ext4): destination with the same identifier (name{figure.3})
 has been already used, duplicate ignored

\AtBegShi@Output ...ipout \box \AtBeginShipoutBox 
                                                  \fi \fi 
l.294 \end{equation*}
                      This method is known to have an accuracy of second ord...
 <./Pictures/hVSnmax-eps-converted-to.pdf>]
Underfull \hbox (badness 10000) in paragraph at lines 294--295

 []


Underfull \hbox (badness 10000) in paragraph at lines 314--316

 []

[12]
Underfull \hbox (badness 10000) in paragraph at lines 327--329

 []

[13] [14]
Package epstopdf Info: Source file: <Pictures/BRUSSNICE.eps>
(epstopdf)                    date: 2015-05-30 12:44:42
(epstopdf)                    size: 1279758 bytes
(epstopdf)             Output file: <Pictures/BRUSSNICE-eps-converted-to.pdf>
(epstopdf)                    date: 2015-05-30 12:44:46
(epstopdf)                    size: 122981 bytes
(epstopdf)             Command: <repstopdf --outfile=Pictures/BRUSSNICE-eps-con
verted-to.pdf Pictures/BRUSSNICE.eps>
(epstopdf)             \includegraphics on input line 426.
Package epstopdf Info: Output file is already uptodate.
<Pictures/BRUSSNICE-eps-converted-to.pdf, id=240, pagebox=cropbox, 1395.2125pt 
x 753.81625pt>
File: Pictures/BRUSSNICE-eps-converted-to.pdf Graphic file (type pdf)
<use Pictures/BRUSSNICE-eps-converted-to.pdf>
Package pdftex.def Info: Pictures/BRUSSNICE-eps-converted-to.pdf  used on input
 line 426. on input line 426.
Package pdftex.def Info: Requested size: 289.07999pt x 156.17816pt on input lin
e 426.
 [15]
Package epstopdf Info: Source file: <Pictures/BRUSSresults.eps>
(epstopdf)                    date: 2015-05-25 19:35:32
(epstopdf)                    size: 38437 bytes
(epstopdf)             Output file: <Pictures/BRUSSresults-eps-converted-to.pdf
>
(epstopdf)                    date: 2015-05-25 19:35:38
(epstopdf)                    size: 8176 bytes
(epstopdf)             Command: <repstopdf --outfile=Pictures/BRUSSresults-eps-
converted-to.pdf Pictures/BRUSSresults.eps>
(epstopdf)             \includegraphics on input line 437.
Package epstopdf Info: Output file is already uptodate.
<Pictures/BRUSSresults-eps-converted-to.pdf, id=249, pagebox=cropbox, 421.575pt
 x 316.18124pt>
File: Pictures/BRUSSresults-eps-converted-to.pdf Graphic file (type pdf)
<use Pictures/BRUSSresults-eps-converted-to.pdf>
Package pdftex.def Info: Pictures/BRUSSresults-eps-converted-to.pdf  used on in
put line 437. on input line 437.
Package pdftex.def Info: Requested size: 289.07999pt x 216.81442pt on input lin
e 437.

Underfull \hbox (badness 10000) in paragraph at lines 433--442

 []

[16pdfTeX warning (ext4): destination with the same identifier (name{figure.4})
 has been already used, duplicate ignored

\AtBegShi@Output ...ipout \box \AtBeginShipoutBox 
                                                  \fi \fi 
l.442 
       <./Pictures/BRUSSNICE-eps-converted-to.pdf>] [17pdfTeX warning (ext4): d
estination with the same identifier (name{figure.5}) has been already used, dup
licate ignored

\AtBegShi@Output ...ipout \box \AtBeginShipoutBox 
                                                  \fi \fi 
l.455 \end{equation}
                     <./Pictures/BRUSSresults-eps-converted-to.pdf>]
Package epstopdf Info: Source file: <Pictures/HIRES.eps>
(epstopdf)                    date: 2015-05-29 15:21:00
(epstopdf)                    size: 39828 bytes
(epstopdf)             Output file: <Pictures/HIRES-eps-converted-to.pdf>
(epstopdf)                    date: 2015-05-29 15:21:02
(epstopdf)                    size: 8267 bytes
(epstopdf)             Command: <repstopdf --outfile=Pictures/HIRES-eps-convert
ed-to.pdf Pictures/HIRES.eps>
(epstopdf)             \includegraphics on input line 463.
Package epstopdf Info: Output file is already uptodate.
<Pictures/HIRES-eps-converted-to.pdf, id=278, pagebox=cropbox, 421.575pt x 316.
18124pt>
File: Pictures/HIRES-eps-converted-to.pdf Graphic file (type pdf)
<use Pictures/HIRES-eps-converted-to.pdf>
Package pdftex.def Info: Pictures/HIRES-eps-converted-to.pdf  used on input lin
e 463. on input line 463.
Package pdftex.def Info: Requested size: 289.07999pt x 216.81442pt on input lin
e 463.

Underfull \hbox (badness 10000) in paragraph at lines 459--468

 []

Package epstopdf Info: Source file: <Pictures/VDPOL.eps>
(epstopdf)                    date: 2015-05-25 20:11:04
(epstopdf)                    size: 40581 bytes
(epstopdf)             Output file: <Pictures/VDPOL-eps-converted-to.pdf>
(epstopdf)                    date: 2015-05-25 20:33:12
(epstopdf)                    size: 7517 bytes
(epstopdf)             Command: <repstopdf --outfile=Pictures/VDPOL-eps-convert
ed-to.pdf Pictures/VDPOL.eps>
(epstopdf)             \includegraphics on input line 483.
Package epstopdf Info: Output file is already uptodate.
<Pictures/VDPOL-eps-converted-to.pdf, id=282, pagebox=cropbox, 421.575pt x 316.
18124pt>
File: Pictures/VDPOL-eps-converted-to.pdf Graphic file (type pdf)
<use Pictures/VDPOL-eps-converted-to.pdf>
Package pdftex.def Info: Pictures/VDPOL-eps-converted-to.pdf  used on input lin
e 483. on input line 483.
Package pdftex.def Info: Requested size: 289.07999pt x 216.81442pt on input lin
e 483.
Package epstopdf Info: Source file: <Pictures/VDPOL_stepsize.eps>
(epstopdf)                    date: 2015-05-25 21:07:52
(epstopdf)                    size: 33153771 bytes
(epstopdf)             Output file: <Pictures/VDPOL_stepsize-eps-converted-to.p
df>
(epstopdf)                    date: 2015-05-25 21:08:56
(epstopdf)                    size: 18009 bytes
(epstopdf)             Command: <repstopdf --outfile=Pictures/VDPOL_stepsize-ep
s-converted-to.pdf Pictures/VDPOL_stepsize.eps>
(epstopdf)             \includegraphics on input line 490.
Package epstopdf Info: Output file is already uptodate.
<Pictures/VDPOL_stepsize-eps-converted-to.pdf, id=284, pagebox=cropbox, 421.575
pt x 316.18124pt>
File: Pictures/VDPOL_stepsize-eps-converted-to.pdf Graphic file (type pdf)
<use Pictures/VDPOL_stepsize-eps-converted-to.pdf>
Package pdftex.def Info: Pictures/VDPOL_stepsize-eps-converted-to.pdf  used on 
input line 490. on input line 490.
Package pdftex.def Info: Requested size: 289.07999pt x 216.81442pt on input lin
e 490.
[18] [19pdfTeX warning (ext4): destination with the same identifier (name{figur
e.6}) has been already used, duplicate ignored

\AtBegShi@Output ...ipout \box \AtBeginShipoutBox 
                                                  \fi \fi 
l.500 
       <./Pictures/HIRES-eps-converted-to.pdf>] [20pdfTeX warning (ext4): desti
nation with the same identifier (name{figure.7}) has been already used, duplica
te ignored

\AtBegShi@Output ...ipout \box \AtBeginShipoutBox 
                                                  \fi \fi 
l.500 
      pdfTeX warning (ext4): destination with the same identifier (name{figure.
8}) has been already used, duplicate ignored

\AtBegShi@Output ...ipout \box \AtBeginShipoutBox 
                                                  \fi \fi 
l.500 
       <./Pictures/VDPOL-eps-converted-to.pdf> <./Pictures/VDPOL_stepsize-eps-c
onverted-to.pdf>] [21] (./Anderson_Acceleration.bbl)
Package atveryend Info: Empty hook `BeforeClearDocument' on input line 506.
 [22

]
Package atveryend Info: Empty hook `AfterLastShipout' on input line 506.

(./Anderson_Acceleration.aux)
Package atveryend Info: Executing hook `AtVeryEndDocument' on input line 506.
Package atveryend Info: Executing hook `AtEndAfterFileList' on input line 506.
Package rerunfilecheck Info: File `Anderson_Acceleration.out' has not changed.
(rerunfilecheck)             Checksum: 3B8B52FA19B83430F8829885A825A171;997.
Package atveryend Info: Empty hook `AtVeryVeryEnd' on input line 506.
 ) 
Here is how much of TeX's memory you used:
 6566 strings out of 492985
 95079 string characters out of 6134955
 184279 words of memory out of 5000000
 9951 multiletter control sequences out of 15000+600000
 14034 words of font info for 57 fonts, out of 8000000 for 9000
 1141 hyphenation exceptions out of 8191
 28i,21n,31p,2379b,425s stack positions out of 5000i,500n,10000p,200000b,80000s
 </u/anmc/garegnan/.texlive2017/texmf-var/fonts/pk/ljfour/public/bbm/bbm10.60
0pk></usr/share/texlive/texmf-dist/fonts/type1/public/amsfonts/cm/cmbx10.pfb></
usr/share/texlive/texmf-dist/fonts/type1/public/amsfonts/cm/cmbx12.pfb></usr/sh
are/texlive/texmf-dist/fonts/type1/public/amsfonts/cm/cmcsc10.pfb></usr/share/t
exlive/texmf-dist/fonts/type1/public/amsfonts/cm/cmex10.pfb></usr/share/texlive
/texmf-dist/fonts/type1/public/amsfonts/cmextra/cmex7.pfb></usr/share/texlive/t
exmf-dist/fonts/type1/public/amsfonts/cm/cmmi10.pfb></usr/share/texlive/texmf-d
ist/fonts/type1/public/amsfonts/cm/cmmi12.pfb></usr/share/texlive/texmf-dist/fo
nts/type1/public/amsfonts/cm/cmmi5.pfb></usr/share/texlive/texmf-dist/fonts/typ
e1/public/amsfonts/cm/cmmi7.pfb></usr/share/texlive/texmf-dist/fonts/type1/publ
ic/amsfonts/cm/cmmi8.pfb></usr/share/texlive/texmf-dist/fonts/type1/public/amsf
onts/cm/cmr10.pfb></usr/share/texlive/texmf-dist/fonts/type1/public/amsfonts/cm
/cmr12.pfb></usr/share/texlive/texmf-dist/fonts/type1/public/amsfonts/cm/cmr5.p
fb></usr/share/texlive/texmf-dist/fonts/type1/public/amsfonts/cm/cmr7.pfb></usr
/share/texlive/texmf-dist/fonts/type1/public/amsfonts/cm/cmsy10.pfb></usr/share
/texlive/texmf-dist/fonts/type1/public/amsfonts/cm/cmsy7.pfb></usr/share/texliv
e/texmf-dist/fonts/type1/public/amsfonts/cm/cmti10.pfb></usr/share/texlive/texm
f-dist/fonts/type1/public/amsfonts/cm/cmtt10.pfb></usr/share/texlive/texmf-dist
/fonts/type1/public/amsfonts/symbols/msbm10.pfb></usr/share/texlive/texmf-dist/
fonts/type1/public/amsfonts/symbols/msbm7.pfb>
Output written on Anderson_Acceleration.pdf (22 pages, 456313 bytes).
PDF statistics:
 422 PDF objects out of 1000 (max. 8388607)
 352 compressed objects within 4 object streams
 70 named destinations out of 1000 (max. 500000)
 169 words of extra memory for PDF output out of 10000 (max. 10000000)

